d:\users\fobboyandy\desktop\thetradingmachine\x64\debug\vc140.pdb
d:\users\fobboyandy\desktop\thetradingmachine\x64\debug\vc140.idb
d:\users\fobboyandy\desktop\thetradingmachine\x64\debug\accountsummarytags.obj
d:\users\fobboyandy\desktop\thetradingmachine\x64\debug\availablealgoparams.obj
d:\users\fobboyandy\desktop\thetradingmachine\x64\debug\contractsamples.obj
d:\users\fobboyandy\desktop\thetradingmachine\x64\debug\main.obj
d:\users\fobboyandy\desktop\thetradingmachine\x64\debug\ordersamples.obj
d:\users\fobboyandy\desktop\thetradingmachine\x64\debug\scannersubscriptionsamples.obj
d:\users\fobboyandy\desktop\thetradingmachine\x64\debug\stdafx.obj
d:\users\fobboyandy\desktop\thetradingmachine\x64\debug\testcppclient.obj
d:\users\fobboyandy\desktop\thetradingmachine\x64\debug\common.obj
d:\users\fobboyandy\desktop\thetradingmachine\x64\debug\defaultewrapper.obj
d:\users\fobboyandy\desktop\thetradingmachine\x64\debug\eclient.obj
d:\users\fobboyandy\desktop\thetradingmachine\x64\debug\edecoder.obj
d:\users\fobboyandy\desktop\thetradingmachine\x64\debug\emessage.obj
d:\users\fobboyandy\desktop\thetradingmachine\x64\debug\emutex.obj
d:\users\fobboyandy\desktop\thetradingmachine\x64\debug\ereaderossignal.obj
d:\users\fobboyandy\desktop\thetradingmachine\x64\debug\ereaderwmsignal.obj
d:\users\fobboyandy\desktop\thetradingmachine\x64\debug\esocket.obj
d:\users\fobboyandy\desktop\thetradingmachine\x64\debug\executioncondition.obj
d:\users\fobboyandy\desktop\thetradingmachine\x64\debug\margincondition.obj
d:\users\fobboyandy\desktop\thetradingmachine\x64\debug\operatorcondition.obj
d:\users\fobboyandy\desktop\thetradingmachine\x64\debug\ordercondition.obj
d:\users\fobboyandy\desktop\thetradingmachine\x64\debug\percentchangecondition.obj
d:\users\fobboyandy\desktop\thetradingmachine\x64\debug\pricecondition.obj
d:\users\fobboyandy\desktop\thetradingmachine\x64\debug\softdollartier.obj
d:\users\fobboyandy\desktop\thetradingmachine\x64\debug\timecondition.obj
d:\users\fobboyandy\desktop\thetradingmachine\x64\debug\volumecondition.obj
d:\users\fobboyandy\desktop\thetradingmachine\x64\debug\contractcondition.obj
d:\users\fobboyandy\desktop\thetradingmachine\x64\debug\eclientsocket.obj
d:\users\fobboyandy\desktop\thetradingmachine\x64\debug\ereader.obj
d:\users\fobboyandy\desktop\thetradingmachine\x64\debug\thetradingmachine.ilk
d:\users\fobboyandy\desktop\thetradingmachine\x64\debug\thetradingmachine.exe
d:\users\fobboyandy\desktop\thetradingmachine\x64\debug\thetradingmachine.pdb
d:\users\fobboyandy\desktop\thetradingmachine\x64\debug\thetradi.668baf61.tlog\cl.command.1.tlog
d:\users\fobboyandy\desktop\thetradingmachine\x64\debug\thetradi.668baf61.tlog\cl.read.1.tlog
d:\users\fobboyandy\desktop\thetradingmachine\x64\debug\thetradi.668baf61.tlog\cl.write.1.tlog
d:\users\fobboyandy\desktop\thetradingmachine\x64\debug\thetradi.668baf61.tlog\link.command.1.tlog
d:\users\fobboyandy\desktop\thetradingmachine\x64\debug\thetradi.668baf61.tlog\link.read.1.tlog
d:\users\fobboyandy\desktop\thetradingmachine\x64\debug\thetradi.668baf61.tlog\link.write.1.tlog
