  TestCppClient.cpp
d:\users\fobboyandy\desktop\thetradingmachine\ibapi\header\ereaderossignal.h(27): warning C4290: C++ exception specification ignored except to indicate a function is not __declspec(nothrow)
d:\users\fobboyandy\desktop\thetradingmachine\ibapi\header\ereader.h(12): warning C4099: 'EReaderSignal': type name first seen using 'struct' now seen using 'class'
  d:\users\fobboyandy\desktop\thetradingmachine\ibapi\header\ereadersignal.h(6): note: see declaration of 'EReaderSignal'
d:\users\fobboyandy\desktop\thetradingmachine\ibapi\header\eclientsocket.h(13): warning C4099: 'EReaderSignal': type name first seen using 'struct' now seen using 'class'
  d:\users\fobboyandy\desktop\thetradingmachine\ibapi\header\ereader.h(12): note: see declaration of 'EReaderSignal'
d:\users\fobboyandy\desktop\thetradingmachine\thetradingmachine\header\contractsamples.h(5): warning C4099: 'Contract': type name first seen using 'struct' now seen using 'class'
  d:\users\fobboyandy\desktop\thetradingmachine\ibapi\header\eclient.h(175): note: see declaration of 'Contract'
d:\users\fobboyandy\desktop\thetradingmachine\thetradingmachine\header\ordersamples.h(8): warning C4099: 'Order': type name first seen using 'struct' now seen using 'class'
  d:\users\fobboyandy\desktop\thetradingmachine\ibapi\header\order.h(45): note: see declaration of 'Order'
d:\users\fobboyandy\desktop\thetradingmachine\thetradingmachine\header\availablealgoparams.h(7): warning C4099: 'Order': type name first seen using 'struct' now seen using 'class'
  d:\users\fobboyandy\desktop\thetradingmachine\thetradingmachine\header\ordersamples.h(8): note: see declaration of 'Order'
d:\users\fobboyandy\desktop\thetradingmachine\thetradingmachine\src\testcppclient.cpp(242): warning C4244: '=': conversion from 'time_t' to 'long', possible loss of data
d:\users\fobboyandy\desktop\thetradingmachine\thetradingmachine\src\testcppclient.cpp(106): warning C4101: 'errorSet': unreferenced local variable
d:\users\fobboyandy\desktop\thetradingmachine\thetradingmachine\src\testcppclient.cpp(106): warning C4101: 'readSet': unreferenced local variable
d:\users\fobboyandy\desktop\thetradingmachine\thetradingmachine\src\testcppclient.cpp(106): warning C4101: 'writeSet': unreferenced local variable
d:\users\fobboyandy\desktop\thetradingmachine\thetradingmachine\src\testcppclient.cpp(1187): warning C4477: 'printf' : format string '%d' requires an argument of type 'int', but variadic argument 1 has type 'unsigned __int64'
  d:\users\fobboyandy\desktop\thetradingmachine\thetradingmachine\src\testcppclient.cpp(1187): note: consider using '%zd' in the format string
d:\users\fobboyandy\desktop\thetradingmachine\thetradingmachine\src\testcppclient.cpp(1190): warning C4477: 'printf' : format string '%s' requires an argument of type 'char *', but variadic argument 1 has type 'std::string'
  ScannerSubscriptionSamples.cpp
  OrderSamples.cpp
d:\users\fobboyandy\desktop\thetradingmachine\ibapi\header\order.h(45): warning C4099: 'Order': type name first seen using 'class' now seen using 'struct'
  d:\users\fobboyandy\desktop\thetradingmachine\ibapi\header\order.h(44): note: see declaration of 'Order'
  Main.cpp
d:\users\fobboyandy\desktop\thetradingmachine\ibapi\header\ereaderossignal.h(27): warning C4290: C++ exception specification ignored except to indicate a function is not __declspec(nothrow)
d:\users\fobboyandy\desktop\thetradingmachine\ibapi\header\ereader.h(12): warning C4099: 'EReaderSignal': type name first seen using 'struct' now seen using 'class'
  d:\users\fobboyandy\desktop\thetradingmachine\ibapi\header\ereadersignal.h(6): note: see declaration of 'EReaderSignal'
  ContractSamples.cpp
d:\users\fobboyandy\desktop\thetradingmachine\ibapi\header\contract.h(70): warning C4099: 'Contract': type name first seen using 'class' now seen using 'struct'
  d:\users\fobboyandy\desktop\thetradingmachine\ibapi\header\contract.h(69): note: see declaration of 'Contract'
  AvailableAlgoParams.cpp
d:\users\fobboyandy\desktop\thetradingmachine\ibapi\header\order.h(45): warning C4099: 'Order': type name first seen using 'class' now seen using 'struct'
  d:\users\fobboyandy\desktop\thetradingmachine\ibapi\header\order.h(44): note: see declaration of 'Order'
  AccountSummaryTags.cpp
  VolumeCondition.cpp
  TimeCondition.cpp
  StdAfx.cpp
  SoftDollarTier.cpp
  PriceCondition.cpp
  PercentChangeCondition.cpp
  OrderCondition.cpp
  OperatorCondition.cpp
  MarginCondition.cpp
  executioncondition.cpp
  ESocket.cpp
d:\users\fobboyandy\desktop\thetradingmachine\ibapi\src\esocket.cpp(63): warning C4267: 'argument': conversion from 'size_t' to 'int', possible loss of data
  EReaderWMSignal.cpp
  EReaderOSSignal.cpp
d:\users\fobboyandy\desktop\thetradingmachine\ibapi\header\ereaderossignal.h(27): warning C4290: C++ exception specification ignored except to indicate a function is not __declspec(nothrow)
d:\users\fobboyandy\desktop\thetradingmachine\ibapi\src\ereaderossignal.cpp(11): warning C4290: C++ exception specification ignored except to indicate a function is not __declspec(nothrow)
  Generating Code...
  Compiling...
  EReader.cpp
d:\users\fobboyandy\desktop\thetradingmachine\ibapi\header\ereaderossignal.h(27): warning C4290: C++ exception specification ignored except to indicate a function is not __declspec(nothrow)
d:\users\fobboyandy\desktop\thetradingmachine\ibapi\header\ereader.h(12): warning C4099: 'EReaderSignal': type name first seen using 'struct' now seen using 'class'
  d:\users\fobboyandy\desktop\thetradingmachine\ibapi\header\ereadersignal.h(6): note: see declaration of 'EReaderSignal'
d:\users\fobboyandy\desktop\thetradingmachine\ibapi\header\eclientsocket.h(13): warning C4099: 'EReaderSignal': type name first seen using 'struct' now seen using 'class'
  d:\users\fobboyandy\desktop\thetradingmachine\ibapi\header\ereader.h(12): note: see declaration of 'EReaderSignal'
d:\users\fobboyandy\desktop\thetradingmachine\ibapi\src\ereader.cpp(168): warning C4267: 'initializing': conversion from 'size_t' to 'int', possible loss of data
d:\users\fobboyandy\desktop\thetradingmachine\ibapi\src\ereader.cpp(213): warning C4267: 'argument': conversion from 'size_t' to 'int', possible loss of data
  EMutex.cpp
d:\users\fobboyandy\desktop\thetradingmachine\ibapi\src\emutex.cpp(35): warning C4800: 'BOOL': forcing value to bool 'true' or 'false' (performance warning)
  EMessage.cpp
  EDecoder.cpp
d:\users\fobboyandy\desktop\thetradingmachine\ibapi\src\edecoder.cpp(1721): warning C4244: 'initializing': conversion from '__int64' to 'int', possible loss of data
d:\users\fobboyandy\desktop\thetradingmachine\ibapi\src\edecoder.cpp(1970): warning C4244: 'initializing': conversion from '__int64' to 'int', possible loss of data
  EClientSocket.cpp
d:\users\fobboyandy\desktop\thetradingmachine\ibapi\header\ereadersignal.h(6): warning C4099: 'EReaderSignal': type name first seen using 'class' now seen using 'struct'
  d:\users\fobboyandy\desktop\thetradingmachine\ibapi\header\ereadersignal.h(5): note: see declaration of 'EReaderSignal'
d:\users\fobboyandy\desktop\thetradingmachine\ibapi\header\ereaderossignal.h(27): warning C4290: C++ exception specification ignored except to indicate a function is not __declspec(nothrow)
d:\users\fobboyandy\desktop\thetradingmachine\ibapi\header\ereader.h(12): warning C4099: 'EReaderSignal': type name first seen using 'struct' now seen using 'class'
  d:\users\fobboyandy\desktop\thetradingmachine\ibapi\header\ereadersignal.h(6): note: see declaration of 'EReaderSignal'
d:\users\fobboyandy\desktop\thetradingmachine\ibapi\src\eclientsocket.cpp(93): warning C4244: '=': conversion from 'SOCKET' to 'int', possible loss of data
d:\users\fobboyandy\desktop\thetradingmachine\ibapi\src\eclientsocket.cpp(175): warning C4267: 'initializing': conversion from 'size_t' to 'unsigned int', possible loss of data
d:\users\fobboyandy\desktop\thetradingmachine\ibapi\src\eclientsocket.cpp(240): warning C4267: 'argument': conversion from 'size_t' to 'int', possible loss of data
  EClient.cpp
d:\users\fobboyandy\desktop\thetradingmachine\ibapi\src\eclient.cpp(249): warning C4267: 'initializing': conversion from 'size_t' to 'int', possible loss of data
d:\users\fobboyandy\desktop\thetradingmachine\ibapi\src\eclient.cpp(249): warning C4267: 'initializing': conversion from 'size_t' to 'const int', possible loss of data
d:\users\fobboyandy\desktop\thetradingmachine\ibapi\src\eclient.cpp(282): warning C4267: 'initializing': conversion from 'size_t' to 'int', possible loss of data
d:\users\fobboyandy\desktop\thetradingmachine\ibapi\src\eclient.cpp(282): warning C4267: 'initializing': conversion from 'size_t' to 'const int', possible loss of data
d:\users\fobboyandy\desktop\thetradingmachine\ibapi\src\eclient.cpp(374): warning C4267: 'initializing': conversion from 'size_t' to 'int', possible loss of data
d:\users\fobboyandy\desktop\thetradingmachine\ibapi\src\eclient.cpp(374): warning C4267: 'initializing': conversion from 'size_t' to 'const int', possible loss of data
d:\users\fobboyandy\desktop\thetradingmachine\ibapi\src\eclient.cpp(484): warning C4267: 'initializing': conversion from 'size_t' to 'int', possible loss of data
d:\users\fobboyandy\desktop\thetradingmachine\ibapi\src\eclient.cpp(484): warning C4267: 'initializing': conversion from 'size_t' to 'const int', possible loss of data
d:\users\fobboyandy\desktop\thetradingmachine\ibapi\src\eclient.cpp(501): warning C4267: 'initializing': conversion from 'size_t' to 'int', possible loss of data
d:\users\fobboyandy\desktop\thetradingmachine\ibapi\src\eclient.cpp(501): warning C4267: 'initializing': conversion from 'size_t' to 'const int', possible loss of data
d:\users\fobboyandy\desktop\thetradingmachine\ibapi\src\eclient.cpp(602): warning C4267: 'initializing': conversion from 'size_t' to 'int', possible loss of data
d:\users\fobboyandy\desktop\thetradingmachine\ibapi\src\eclient.cpp(602): warning C4267: 'initializing': conversion from 'size_t' to 'const int', possible loss of data
d:\users\fobboyandy\desktop\thetradingmachine\ibapi\src\eclient.cpp(723): warning C4267: 'initializing': conversion from 'size_t' to 'int', possible loss of data
d:\users\fobboyandy\desktop\thetradingmachine\ibapi\src\eclient.cpp(723): warning C4267: 'initializing': conversion from 'size_t' to 'const int', possible loss of data
d:\users\fobboyandy\desktop\thetradingmachine\ibapi\src\eclient.cpp(1221): warning C4267: 'initializing': conversion from 'size_t' to 'int', possible loss of data
d:\users\fobboyandy\desktop\thetradingmachine\ibapi\src\eclient.cpp(1221): warning C4267: 'initializing': conversion from 'size_t' to 'const int', possible loss of data
d:\users\fobboyandy\desktop\thetradingmachine\ibapi\src\eclient.cpp(1292): warning C4267: 'initializing': conversion from 'size_t' to 'int', possible loss of data
d:\users\fobboyandy\desktop\thetradingmachine\ibapi\src\eclient.cpp(1292): warning C4267: 'initializing': conversion from 'size_t' to 'const int', possible loss of data
d:\users\fobboyandy\desktop\thetradingmachine\ibapi\src\eclient.cpp(1455): warning C4267: 'initializing': conversion from 'size_t' to 'int', possible loss of data
d:\users\fobboyandy\desktop\thetradingmachine\ibapi\src\eclient.cpp(1455): warning C4267: 'initializing': conversion from 'size_t' to 'const int', possible loss of data
d:\users\fobboyandy\desktop\thetradingmachine\ibapi\src\eclient.cpp(1480): warning C4267: 'initializing': conversion from 'size_t' to 'int', possible loss of data
d:\users\fobboyandy\desktop\thetradingmachine\ibapi\src\eclient.cpp(1480): warning C4267: 'initializing': conversion from 'size_t' to 'const int', possible loss of data
d:\users\fobboyandy\desktop\thetradingmachine\ibapi\src\eclient.cpp(1493): warning C4267: 'initializing': conversion from 'size_t' to 'int', possible loss of data
d:\users\fobboyandy\desktop\thetradingmachine\ibapi\src\eclient.cpp(1493): warning C4267: 'initializing': conversion from 'size_t' to 'const int', possible loss of data
d:\users\fobboyandy\desktop\thetradingmachine\ibapi\src\eclient.cpp(1681): warning C4267: 'initializing': conversion from 'size_t' to 'int', possible loss of data
d:\users\fobboyandy\desktop\thetradingmachine\ibapi\src\eclient.cpp(1681): warning C4267: 'initializing': conversion from 'size_t' to 'const int', possible loss of data
d:\users\fobboyandy\desktop\thetradingmachine\ibapi\src\eclient.cpp(1704): warning C4267: 'initializing': conversion from 'size_t' to 'int', possible loss of data
d:\users\fobboyandy\desktop\thetradingmachine\ibapi\src\eclient.cpp(1704): warning C4267: 'initializing': conversion from 'size_t' to 'const int', possible loss of data
d:\users\fobboyandy\desktop\thetradingmachine\ibapi\src\eclient.cpp(2757): warning C4244: 'initializing': conversion from '__int64' to 'int', possible loss of data
  DefaultEWrapper.cpp
  ContractCondition.cpp
  Generating Code...
  TheTradingMachine.vcxproj -> D:\Users\fobboyandy\Desktop\TheTradingMachine\x64\Debug\TheTradingMachine.exe
  TheTradingMachine.vcxproj -> D:\Users\fobboyandy\Desktop\TheTradingMachine\x64\Debug\TheTradingMachine.pdb (Partial PDB)
